0 info it worked if it ends with ok
1 verbose cli [ 'c:\\Program Files\\nodejs\\node.exe',
1 verbose cli   'c:\\Program Files\\nodejs\\node_modules\\npm\\bin\\npm-cli.js',
1 verbose cli   'update' ]
2 info using npm@1.3.8
3 info using node@v0.10.18
4 verbose cache add [ 'express', '3.0.6' ]
5 verbose cache add name="express" spec="3.0.6" args=["express","3.0.6"]
6 verbose parsed url { protocol: null,
6 verbose parsed url   slashes: null,
6 verbose parsed url   auth: null,
6 verbose parsed url   host: null,
6 verbose parsed url   port: null,
6 verbose parsed url   hostname: null,
6 verbose parsed url   hash: null,
6 verbose parsed url   search: null,
6 verbose parsed url   query: null,
6 verbose parsed url   pathname: '3.0.6',
6 verbose parsed url   path: '3.0.6',
6 verbose parsed url   href: '3.0.6' }
7 verbose addNamed [ 'express', '3.0.6' ]
8 verbose addNamed [ '3.0.6', '3.0.6' ]
9 verbose cache add [ 'stylus', '0.31.0' ]
10 verbose cache add name="stylus" spec="0.31.0" args=["stylus","0.31.0"]
11 verbose parsed url { protocol: null,
11 verbose parsed url   slashes: null,
11 verbose parsed url   auth: null,
11 verbose parsed url   host: null,
11 verbose parsed url   port: null,
11 verbose parsed url   hostname: null,
11 verbose parsed url   hash: null,
11 verbose parsed url   search: null,
11 verbose parsed url   query: null,
11 verbose parsed url   pathname: '0.31.0',
11 verbose parsed url   path: '0.31.0',
11 verbose parsed url   href: '0.31.0' }
12 verbose addNamed [ 'stylus', '0.31.0' ]
13 verbose addNamed [ '0.31.0', '0.31.0' ]
14 verbose cache add [ 'jade', '0.27.7' ]
15 verbose cache add name="jade" spec="0.27.7" args=["jade","0.27.7"]
16 verbose parsed url { protocol: null,
16 verbose parsed url   slashes: null,
16 verbose parsed url   auth: null,
16 verbose parsed url   host: null,
16 verbose parsed url   port: null,
16 verbose parsed url   hostname: null,
16 verbose parsed url   hash: null,
16 verbose parsed url   search: null,
16 verbose parsed url   query: null,
16 verbose parsed url   pathname: '0.27.7',
16 verbose parsed url   path: '0.27.7',
16 verbose parsed url   href: '0.27.7' }
17 verbose addNamed [ 'jade', '0.27.7' ]
18 verbose addNamed [ '0.27.7', '0.27.7' ]
19 verbose cache add [ 'mongodb', '1.3.19' ]
20 verbose cache add name="mongodb" spec="1.3.19" args=["mongodb","1.3.19"]
21 verbose parsed url { protocol: null,
21 verbose parsed url   slashes: null,
21 verbose parsed url   auth: null,
21 verbose parsed url   host: null,
21 verbose parsed url   port: null,
21 verbose parsed url   hostname: null,
21 verbose parsed url   hash: null,
21 verbose parsed url   search: null,
21 verbose parsed url   query: null,
21 verbose parsed url   pathname: '1.3.19',
21 verbose parsed url   path: '1.3.19',
21 verbose parsed url   href: '1.3.19' }
22 verbose addNamed [ 'mongodb', '1.3.19' ]
23 verbose addNamed [ '1.3.19', '1.3.19' ]
24 verbose cache add [ 'moment', '1.7.2' ]
25 verbose cache add name="moment" spec="1.7.2" args=["moment","1.7.2"]
26 verbose parsed url { protocol: null,
26 verbose parsed url   slashes: null,
26 verbose parsed url   auth: null,
26 verbose parsed url   host: null,
26 verbose parsed url   port: null,
26 verbose parsed url   hostname: null,
26 verbose parsed url   hash: null,
26 verbose parsed url   search: null,
26 verbose parsed url   query: null,
26 verbose parsed url   pathname: '1.7.2',
26 verbose parsed url   path: '1.7.2',
26 verbose parsed url   href: '1.7.2' }
27 verbose addNamed [ 'moment', '1.7.2' ]
28 verbose addNamed [ '1.7.2', '1.7.2' ]
29 verbose cache add [ 'emailjs', '0.3.3' ]
30 verbose cache add name="emailjs" spec="0.3.3" args=["emailjs","0.3.3"]
31 verbose parsed url { protocol: null,
31 verbose parsed url   slashes: null,
31 verbose parsed url   auth: null,
31 verbose parsed url   host: null,
31 verbose parsed url   port: null,
31 verbose parsed url   hostname: null,
31 verbose parsed url   hash: null,
31 verbose parsed url   search: null,
31 verbose parsed url   query: null,
31 verbose parsed url   pathname: '0.3.3',
31 verbose parsed url   path: '0.3.3',
31 verbose parsed url   href: '0.3.3' }
32 verbose addNamed [ 'emailjs', '0.3.3' ]
33 verbose addNamed [ '0.3.3', '0.3.3' ]
34 silly lockFile e902e1c0-express-3-0-6 express@3.0.6
35 verbose lock express@3.0.6 C:\Users\Owner\AppData\Roaming\npm-cache\e902e1c0-express-3-0-6.lock
36 silly lockFile 84b28332-stylus-0-31-0 stylus@0.31.0
37 verbose lock stylus@0.31.0 C:\Users\Owner\AppData\Roaming\npm-cache\84b28332-stylus-0-31-0.lock
38 silly lockFile 45ba1fa8-jade-0-27-7 jade@0.27.7
39 verbose lock jade@0.27.7 C:\Users\Owner\AppData\Roaming\npm-cache\45ba1fa8-jade-0-27-7.lock
40 silly lockFile a5935257-mongodb-1-3-19 mongodb@1.3.19
41 verbose lock mongodb@1.3.19 C:\Users\Owner\AppData\Roaming\npm-cache\a5935257-mongodb-1-3-19.lock
42 silly lockFile e082cc8f-moment-1-7-2 moment@1.7.2
43 verbose lock moment@1.7.2 C:\Users\Owner\AppData\Roaming\npm-cache\e082cc8f-moment-1-7-2.lock
44 silly lockFile cfed5967-emailjs-0-3-3 emailjs@0.3.3
45 verbose lock emailjs@0.3.3 C:\Users\Owner\AppData\Roaming\npm-cache\cfed5967-emailjs-0-3-3.lock
46 verbose url raw mongodb/1.3.19
47 verbose url resolving [ 'https://registry.npmjs.org/', './mongodb/1.3.19' ]
48 verbose url resolved https://registry.npmjs.org/mongodb/1.3.19
49 info trying registry request attempt 1 at 19:40:29
50 verbose etag "25ENTPYLH2PUJKIKHA3AX2D1B"
51 http GET https://registry.npmjs.org/mongodb/1.3.19
52 verbose url raw moment/1.7.2
53 verbose url resolving [ 'https://registry.npmjs.org/', './moment/1.7.2' ]
54 verbose url resolved https://registry.npmjs.org/moment/1.7.2
55 info trying registry request attempt 1 at 19:40:29
56 verbose etag "2I8U0KVJIXVCPQTXOW78PPUL4"
57 http GET https://registry.npmjs.org/moment/1.7.2
58 verbose url raw express/3.0.6
59 verbose url resolving [ 'https://registry.npmjs.org/', './express/3.0.6' ]
60 verbose url resolved https://registry.npmjs.org/express/3.0.6
61 info trying registry request attempt 1 at 19:40:29
62 verbose etag "D9LCF2M5NJQ0PZL2Z7WZGTB07"
63 http GET https://registry.npmjs.org/express/3.0.6
64 verbose url raw stylus/0.31.0
65 verbose url resolving [ 'https://registry.npmjs.org/', './stylus/0.31.0' ]
66 verbose url resolved https://registry.npmjs.org/stylus/0.31.0
67 info trying registry request attempt 1 at 19:40:29
68 verbose etag "2MFN9DE9DAYHCNXDMOPWOZEDJ"
69 http GET https://registry.npmjs.org/stylus/0.31.0
70 verbose url raw jade/0.27.7
71 verbose url resolving [ 'https://registry.npmjs.org/', './jade/0.27.7' ]
72 verbose url resolved https://registry.npmjs.org/jade/0.27.7
73 info trying registry request attempt 1 at 19:40:29
74 verbose etag "7OAIBBRI6SXHW6HIT727XW4LQ"
75 http GET https://registry.npmjs.org/jade/0.27.7
76 verbose url raw emailjs/0.3.3
77 verbose url resolving [ 'https://registry.npmjs.org/', './emailjs/0.3.3' ]
78 verbose url resolved https://registry.npmjs.org/emailjs/0.3.3
79 info trying registry request attempt 1 at 19:40:29
80 verbose etag "ASZ2DKDW49PUM2GD5F4WLB4Y6"
81 http GET https://registry.npmjs.org/emailjs/0.3.3
82 http 304 https://registry.npmjs.org/mongodb/1.3.19
83 silly registry.get cb [ 304,
83 silly registry.get   { server: 'CouchDB/1.3.1 (Erlang OTP/R15B03)',
83 silly registry.get     etag: '"25ENTPYLH2PUJKIKHA3AX2D1B"',
83 silly registry.get     date: 'Mon, 30 Sep 2013 09:40:43 GMT',
83 silly registry.get     'content-length': '0' } ]
84 verbose etag mongodb/1.3.19 from cache
85 silly lockFile a5935257-mongodb-1-3-19 mongodb@1.3.19
86 silly lockFile a5935257-mongodb-1-3-19 mongodb@1.3.19
87 error TypeError: Cannot read property 'from' of undefined
87 error     at c:\Program Files\nodejs\node_modules\npm\lib\outdated.js:159:36
87 error     at c:\Program Files\nodejs\node_modules\npm\lib\cache.js:591:30
87 error     at c:\Program Files\nodejs\node_modules\npm\node_modules\lockfile\lockfile.js:55:41
87 error     at Object.oncomplete (fs.js:107:15)
88 error If you need help, you may report this log at:
88 error     <http://github.com/isaacs/npm/issues>
88 error or email it to:
88 error     <npm-@googlegroups.com>
89 error System Windows_NT 6.0.6002
90 error command "c:\\Program Files\\nodejs\\node.exe" "c:\\Program Files\\nodejs\\node_modules\\npm\\bin\\npm-cli.js" "update"
91 error cwd c:\cygwin\home\Owner\development\test-project\unpindapp
92 error node -v v0.10.18
93 error npm -v 1.3.8
94 error type non_object_property_load
95 verbose exit [ 1, true ]
